<?xml version="1.0" encoding="utf-8"?><testsuites name="pytest tests"><testsuite name="pytest" errors="0" failures="0" skipped="0" tests="25" time="3.517" timestamp="2026-06-18T07:26:22.098193+00:00" hostname="agent-env-1093a997-51d4-4248-97a5-50130a1e04f1"><testcase classname="backend.tests.backend_test.TestHealth" name="test_root" time="0.270" /><testcase classname="backend.tests.backend_test.TestProducts" name="test_list_all" time="0.041" /><testcase classname="backend.tests.backend_test.TestProducts" name="test_filter_category[earrings]" time="0.039" /><testcase classname="backend.tests.backend_test.TestProducts" name="test_filter_category[necklaces]" time="0.041" /><testcase classname="backend.tests.backend_test.TestProducts" name="test_filter_category[bridal]" time="0.040" /><testcase classname="backend.tests.backend_test.TestProducts" name="test_filter_category[oxidised]" time="0.041" /><testcase classname="backend.tests.backend_test.TestProducts" name="test_get_by_slug" time="0.081" /><testcase classname="backend.tests.backend_test.TestProducts" name="test_get_invalid_slug" time="0.081" /><testcase classname="backend.tests.backend_test.TestReviews" name="test_list_reviews" time="0.040" /><testcase classname="backend.tests.backend_test.TestCoupons" name="test_aavya10_valid" time="0.081" /><testcase classname="backend.tests.backend_test.TestCoupons" name="test_weekend15_valid" time="0.080" /><testcase classname="backend.tests.backend_test.TestCoupons" name="test_weekend15_below_min" time="0.039" /><testcase classname="backend.tests.backend_test.TestCoupons" name="test_bridal500_valid" time="0.081" /><testcase classname="backend.tests.backend_test.TestCoupons" name="test_bridal500_below_min" time="0.079" /><testcase classname="backend.tests.backend_test.TestCoupons" name="test_invalid_code" time="0.080" /><testcase classname="backend.tests.backend_test.TestCoupons" name="test_lowercase_normalised" time="0.080" /><testcase classname="backend.tests.backend_test.TestNewsletter" name="test_signup" time="0.099" /><testcase classname="backend.tests.backend_test.TestNewsletter" name="test_duplicate_signup" time="0.162" /><testcase classname="backend.tests.backend_test.TestNewsletter" name="test_invalid_email" time="0.086" /><testcase classname="backend.tests.backend_test.TestCheckout" name="test_cod_checkout" time="0.157" /><testcase classname="backend.tests.backend_test.TestCheckout" name="test_cod_with_coupon" time="0.161" /><testcase classname="backend.tests.backend_test.TestCheckout" name="test_empty_cart" time="0.079" /><testcase classname="backend.tests.backend_test.TestCheckout" name="test_stripe_checkout" time="1.158" /><testcase classname="backend.tests.backend_test.TestOrderTracking" name="test_track_existing" time="0.081" /><testcase classname="backend.tests.backend_test.TestOrderTracking" name="test_track_invalid" time="0.080" /></testsuite></testsuites>